bixia/app/build/outputs/logs/manifest-merger-release-report.txt
-- Merging decision tree log ---
manifest
ADDED from src/main/AndroidManifest.xml:2:1-136:12
	package
		ADDED from src/main/AndroidManifest.xml:3:5-27
		INJECTED from src/main/AndroidManifest.xml
		INJECTED from src/main/AndroidManifest.xml
	android:versionName
		INJECTED from src/main/AndroidManifest.xml
		INJECTED from src/main/AndroidManifest.xml
	xmlns:android
		ADDED from src/main/AndroidManifest.xml:2:11-69
	android:versionCode
		INJECTED from src/main/AndroidManifest.xml
		INJECTED from src/main/AndroidManifest.xml
uses-permission#android.permission.MOUNT_UNMOUNT_FILESYSTEMS
ADDED from src/main/AndroidManifest.xml:6:5-84
	android:name
		ADDED from src/main/AndroidManifest.xml:6:22-81
uses-permission#android.permission.WRITE_EXTERNAL_STORAGE
ADDED from src/main/AndroidManifest.xml:8:5-81
	android:name
		ADDED from src/main/AndroidManifest.xml:8:22-78
uses-permission#android.permission.READ_PHONE_STATE
ADDED from src/main/AndroidManifest.xml:10:5-75
	android:name
		ADDED from src/main/AndroidManifest.xml:10:22-72
uses-permission#android.permission.INTERNET
ADDED from src/main/AndroidManifest.xml:11:5-67
	android:name
		ADDED from src/main/AndroidManifest.xml:11:22-64
uses-permission#android.permission.ACCESS_NETWORK_STATE
ADDED from src/main/AndroidManifest.xml:12:5-79
	android:name
		ADDED from src/main/AndroidManifest.xml:12:22-76
uses-permission#android.permission.ACCESS_WIFI_STATE
ADDED from src/main/AndroidManifest.xml:13:5-76
	android:name
		ADDED from src/main/AndroidManifest.xml:13:22-73
uses-permission#android.permission.READ_LOGS
ADDED from src/main/AndroidManifest.xml:15:5-68
	android:name
		ADDED from src/main/AndroidManifest.xml:15:22-65
uses-permission#android.permission.VIBRATE
ADDED from src/main/AndroidManifest.xml:17:5-66
	android:name
		ADDED from src/main/AndroidManifest.xml:17:22-63
application
ADDED from src/main/AndroidManifest.xml:19:5-134:19
MERGED from [com.android.volley:volley:1.0.0] AndroidManifest.xml:9:5-20
MERGED from [com.android.support:appcompat-v7:25.0.1] AndroidManifest.xml:25:5-20
MERGED from [com.android.support:support-v4:25.0.1] AndroidManifest.xml:25:5-20
MERGED from [com.android.support:support-compat:25.0.1] AndroidManifest.xml:25:5-20
MERGED from [com.android.support:support-media-compat:25.0.1] AndroidManifest.xml:25:5-20
MERGED from [com.android.support:support-core-utils:25.0.1] AndroidManifest.xml:25:5-20
MERGED from [com.android.support:support-core-ui:25.0.1] AndroidManifest.xml:25:5-20
MERGED from [com.android.support:support-fragment:25.0.1] AndroidManifest.xml:25:5-20
MERGED from [com.android.support:support-vector-drawable:25.0.1] AndroidManifest.xml:23:5-20
MERGED from [com.android.support:animated-vector-drawable:25.0.1] AndroidManifest.xml:22:5-20
MERGED from [com.android.support:design:25.0.1] AndroidManifest.xml:25:5-20
MERGED from [com.android.support:transition:25.0.1] AndroidManifest.xml:22:5-20
	android:label
		ADDED from src/main/AndroidManifest.xml:23:9-41
	android:allowBackup
		ADDED from src/main/AndroidManifest.xml:21:9-35
	android:icon
		ADDED from src/main/AndroidManifest.xml:22:9-38
	android:theme
		ADDED from src/main/AndroidManifest.xml:24:9-40
	android:name
		ADDED from src/main/AndroidManifest.xml:20:9-50
activity#cn.hjf.bixia.activity.MainActivity
ADDED from src/main/AndroidManifest.xml:25:9-30:55
	android:screenOrientation
		ADDED from src/main/AndroidManifest.xml:28:13-49
	android:label
		ADDED from src/main/AndroidManifest.xml:27:13-45
	android:windowSoftInputMode
		ADDED from src/main/AndroidManifest.xml:30:13-52
	android:theme
		ADDED from src/main/AndroidManifest.xml:29:13-66
	android:name
		ADDED from src/main/AndroidManifest.xml:26:13-62
activity#cn.hjf.bixia.activity.AddConsumeActivity
ADDED from src/main/AndroidManifest.xml:33:9-38:55
	android:screenOrientation
		ADDED from src/main/AndroidManifest.xml:36:13-49
	android:label
		ADDED from src/main/AndroidManifest.xml:35:13-45
	android:windowSoftInputMode
		ADDED from src/main/AndroidManifest.xml:38:13-52
	android:theme
		ADDED from src/main/AndroidManifest.xml:37:13-66
	android:name
		ADDED from src/main/AndroidManifest.xml:34:13-68
activity#cn.hjf.bixia.activity.ConsumeDetailActivity
ADDED from src/main/AndroidManifest.xml:41:9-46:55
	android:screenOrientation
		ADDED from src/main/AndroidManifest.xml:44:13-49
	android:label
		ADDED from src/main/AndroidManifest.xml:43:13-45
	android:windowSoftInputMode
		ADDED from src/main/AndroidManifest.xml:46:13-52
	android:theme
		ADDED from src/main/AndroidManifest.xml:45:13-66
	android:name
		ADDED from src/main/AndroidManifest.xml:42:13-71
activity#cn.hjf.bixia.activity.StatisticSelectActivity
ADDED from src/main/AndroidManifest.xml:49:9-54:55
	android:screenOrientation
		ADDED from src/main/AndroidManifest.xml:52:13-49
	android:label
		ADDED from src/main/AndroidManifest.xml:51:13-45
	android:windowSoftInputMode
		ADDED from src/main/AndroidManifest.xml:54:13-52
	android:theme
		ADDED from src/main/AndroidManifest.xml:53:13-66
	android:name
		ADDED from src/main/AndroidManifest.xml:50:13-73
activity#cn.hjf.bixia.activity.TypeStatisticActivity
ADDED from src/main/AndroidManifest.xml:57:9-62:55
	android:screenOrientation
		ADDED from src/main/AndroidManifest.xml:60:13-49
	android:label
		ADDED from src/main/AndroidManifest.xml:59:13-45
	android:windowSoftInputMode
		ADDED from src/main/AndroidManifest.xml:62:13-52
	android:theme
		ADDED from src/main/AndroidManifest.xml:61:13-66
	android:name
		ADDED from src/main/AndroidManifest.xml:58:13-71
activity#cn.hjf.bixia.activity.MonthStatisticActivity
ADDED from src/main/AndroidManifest.xml:65:9-70:55
	android:screenOrientation
		ADDED from src/main/AndroidManifest.xml:68:13-49
	android:label
		ADDED from src/main/AndroidManifest.xml:67:13-45
	android:windowSoftInputMode
		ADDED from src/main/AndroidManifest.xml:70:13-52
	android:theme
		ADDED from src/main/AndroidManifest.xml:69:13-66
	android:name
		ADDED from src/main/AndroidManifest.xml:66:13-72
activity#cn.hjf.bixia.activity.QueryActivity
ADDED from src/main/AndroidManifest.xml:76:9-81:55
	android:screenOrientation
		ADDED from src/main/AndroidManifest.xml:79:13-49
	android:label
		ADDED from src/main/AndroidManifest.xml:78:13-45
	android:windowSoftInputMode
		ADDED from src/main/AndroidManifest.xml:81:13-52
	android:theme
		ADDED from src/main/AndroidManifest.xml:80:13-66
	android:name
		ADDED from src/main/AndroidManifest.xml:77:13-63
activity#cn.hjf.bixia.activity.TypeSelectActivity
ADDED from src/main/AndroidManifest.xml:84:9-89:55
	android:screenOrientation
		ADDED from src/main/AndroidManifest.xml:87:13-49
	android:label
		ADDED from src/main/AndroidManifest.xml:86:13-45
	android:windowSoftInputMode
		ADDED from src/main/AndroidManifest.xml:89:13-52
	android:theme
		ADDED from src/main/AndroidManifest.xml:88:13-66
	android:name
		ADDED from src/main/AndroidManifest.xml:85:13-68
activity#cn.hjf.bixia.activity.SettingActivity
ADDED from src/main/AndroidManifest.xml:92:9-97:55
	android:screenOrientation
		ADDED from src/main/AndroidManifest.xml:95:13-49
	android:label
		ADDED from src/main/AndroidManifest.xml:94:13-45
	android:windowSoftInputMode
		ADDED from src/main/AndroidManifest.xml:97:13-52
	android:theme
		ADDED from src/main/AndroidManifest.xml:96:13-66
	android:name
		ADDED from src/main/AndroidManifest.xml:93:13-65
activity#cn.hjf.bixia.activity.ThemeSettingActivity
ADDED from src/main/AndroidManifest.xml:100:9-105:55
	android:screenOrientation
		ADDED from src/main/AndroidManifest.xml:103:13-49
	android:label
		ADDED from src/main/AndroidManifest.xml:102:13-45
	android:windowSoftInputMode
		ADDED from src/main/AndroidManifest.xml:105:13-52
	android:theme
		ADDED from src/main/AndroidManifest.xml:104:13-66
	android:name
		ADDED from src/main/AndroidManifest.xml:101:13-70
activity#cn.hjf.bixia.activity.SplashActivity
ADDED from src/main/AndroidManifest.xml:108:9-117:20
	android:label
		ADDED from src/main/AndroidManifest.xml:110:13-45
	android:theme
		ADDED from src/main/AndroidManifest.xml:111:13-47
	android:name
		ADDED from src/main/AndroidManifest.xml:109:13-64
intent-filter#android.intent.action.MAIN+android.intent.category.LAUNCHER
ADDED from src/main/AndroidManifest.xml:112:13-116:29
action#android.intent.action.MAIN
ADDED from src/main/AndroidManifest.xml:113:17-69
	android:name
		ADDED from src/main/AndroidManifest.xml:113:25-66
category#android.intent.category.LAUNCHER
ADDED from src/main/AndroidManifest.xml:115:17-77
	android:name
		ADDED from src/main/AndroidManifest.xml:115:27-74
activity#cn.hjf.bixia.activity.LockScreenActivity
ADDED from src/main/AndroidManifest.xml:118:9-123:16
	android:screenOrientation
		ADDED from src/main/AndroidManifest.xml:121:13-49
	android:label
		ADDED from src/main/AndroidManifest.xml:120:13-45
	android:theme
		ADDED from src/main/AndroidManifest.xml:122:13-44
	android:name
		ADDED from src/main/AndroidManifest.xml:119:13-68
activity#cn.hjf.bixia.activity.GuideActivity
ADDED from src/main/AndroidManifest.xml:124:9-125:53
	android:theme
		ADDED from src/main/AndroidManifest.xml:125:13-51
	android:name
		ADDED from src/main/AndroidManifest.xml:124:19-69
meta-data#UMENG_APPKEY
ADDED from src/main/AndroidManifest.xml:127:9-129:56
	android:value
		ADDED from src/main/AndroidManifest.xml:129:13-53
	android:name
		ADDED from src/main/AndroidManifest.xml:128:13-40
meta-data#UMENG_CHANNEL
ADDED from src/main/AndroidManifest.xml:130:9-132:37
	android:value
		ADDED from src/main/AndroidManifest.xml:132:13-34
	android:name
		ADDED from src/main/AndroidManifest.xml:131:13-41
uses-sdk
INJECTED from src/main/AndroidManifest.xml reason: use-sdk injection requested
MERGED from [cn.bingoogolapple:bga-banner:2.1.6] AndroidManifest.xml:6:5-8:41
MERGED from [com.android.volley:volley:1.0.0] AndroidManifest.xml:7:5-43
MERGED from [com.github.githubwing:ByeBurger:1.2.2] AndroidManifest.xml:7:5-9:41
MERGED from [com.android.support:appcompat-v7:25.0.1] AndroidManifest.xml:21:5-23:78
MERGED from [com.android.support:support-v4:25.0.1] AndroidManifest.xml:21:5-23:54
MERGED from [com.android.support:support-compat:25.0.1] AndroidManifest.xml:21:5-23:58
MERGED from [com.android.support:support-media-compat:25.0.1] AndroidManifest.xml:21:5-23:63
MERGED from [com.android.support:support-core-utils:25.0.1] AndroidManifest.xml:21:5-23:61
MERGED from [com.android.support:support-core-ui:25.0.1] AndroidManifest.xml:21:5-23:58
MERGED from [com.android.support:support-fragment:25.0.1] AndroidManifest.xml:21:5-23:60
MERGED from [com.android.support:support-vector-drawable:25.0.1] AndroidManifest.xml:21:5-43
MERGED from [com.android.support:animated-vector-drawable:25.0.1] AndroidManifest.xml:20:5-44
MERGED from [com.android.support:design:25.0.1] AndroidManifest.xml:21:5-23:62
MERGED from [com.android.support:recyclerview-v7:25.0.1] AndroidManifest.xml:20:5-43
MERGED from [com.android.support:transition:25.0.1] AndroidManifest.xml:20:5-44
	tools:overrideLibrary
		ADDED from [com.android.support:appcompat-v7:25.0.1] AndroidManifest.xml:23:9-75
	android:targetSdkVersion
		INJECTED from src/main/AndroidManifest.xml
		INJECTED from src/main/AndroidManifest.xml
	android:minSdkVersion
		INJECTED from src/main/AndroidManifest.xml
		INJECTED from src/main/AndroidManifest.xml